<?xml version="1.0" encoding="UTF-8"?>
<!-- Generated by org.testng.reporters.JUnitReportReporter -->
<testsuite hostname="JIMNA" failures="0" tests="1" name="ShopertestPKG.TestClass" time="32.113" errors="0" timestamp="2024-07-16T15:03:29 IST" skipped="0">
  <testcase classname="ShopertestPKG.TestClass" name="test" time="32.113"/>
  <system-out/>
</testsuite> <!-- ShopertestPKG.TestClass -->
